2025-11-17 11:05:32,946:modules.saveRanks:
    ------ Starting evaluating competitors ranking of the product ---------
    
2025-11-17 11:05:35,326:modules.saveRanks:Finding ranking for product_id (714626) of vendor_id (17366).
2025-11-17 11:05:51,838:modules.saveRanks:Not found in ERP.
2025-11-17 11:05:52,082:modules.saveRanks:Finished making ranking of the product in 19.14 second(s)
2025-11-17 11:06:22,401:modules.saveRanks:
    ------ Starting evaluating competitors ranking of the product ---------
    
2025-11-17 11:06:24,825:modules.saveRanks:Finding ranking for product_id (714573) of vendor_id (17366).
2025-11-17 11:06:40,215:modules.saveRanks:Not found in ERP.
2025-11-17 11:06:40,453:modules.saveRanks:Finished making ranking of the product in 18.05 second(s)
2025-11-17 11:07:10,531:modules.saveRanks:
    ------ Starting evaluating competitors ranking of the product ---------
    
2025-11-17 11:07:12,883:modules.saveRanks:Finding ranking for product_id (714566) of vendor_id (17366).
2025-11-17 11:07:28,363:modules.saveRanks:Not found in ERP.
2025-11-17 11:07:28,603:modules.saveRanks:Finished making ranking of the product in 18.07 second(s)
2025-11-17 11:07:54,811:modules.saveRanks:
    ------ Starting evaluating competitors ranking of the product ---------
    
2025-11-17 11:07:57,343:modules.saveRanks:Finding ranking for product_id (828021) of vendor_id (17366).
2025-11-17 11:08:13,366:modules.saveRanks:Not found in ERP.
2025-11-17 11:08:13,613:modules.saveRanks:Finished making ranking of the product in 18.8 second(s)
2025-11-17 11:08:55,358:modules.saveRanks:
    ------ Starting evaluating competitors ranking of the product ---------
    
2025-11-17 11:08:57,724:modules.saveRanks:Finding ranking for product_id (714561) of vendor_id (17366).
2025-11-17 11:09:13,481:modules.saveRanks:Not found in ERP.
2025-11-17 11:09:13,747:modules.saveRanks:Finished making ranking of the product in 18.39 second(s)
2025-11-17 11:09:53,566:modules.saveRanks:
    ------ Starting evaluating competitors ranking of the product ---------
    
2025-11-17 11:09:56,014:modules.saveRanks:Finding ranking for product_id (714564) of vendor_id (17366).
2025-11-17 11:10:11,397:modules.saveRanks:Not found in ERP.
2025-11-17 11:10:11,637:modules.saveRanks:Finished making ranking of the product in 18.07 second(s)
2025-11-17 11:10:37,602:modules.saveRanks:
    ------ Starting evaluating competitors ranking of the product ---------
    
2025-11-17 11:10:40,056:modules.saveRanks:Finding ranking for product_id (714559) of vendor_id (17366).
2025-11-17 11:10:55,256:modules.saveRanks:Not found in ERP.
2025-11-17 11:10:55,493:modules.saveRanks:Finished making ranking of the product in 17.89 second(s)
2025-11-17 11:11:23,081:modules.saveRanks:
    ------ Starting evaluating competitors ranking of the product ---------
    
2025-11-17 11:11:25,558:modules.saveRanks:Finding ranking for product_id (714565) of vendor_id (17366).
2025-11-17 11:11:41,251:modules.saveRanks:Not found in ERP.
2025-11-17 11:11:41,496:modules.saveRanks:Finished making ranking of the product in 18.42 second(s)
2025-11-17 11:12:08,679:modules.saveRanks:
    ------ Starting evaluating competitors ranking of the product ---------
    
2025-11-17 11:12:11,053:modules.saveRanks:Finding ranking for product_id (714560) of vendor_id (17366).
2025-11-17 11:12:26,600:modules.saveRanks:Not found in ERP.
2025-11-17 11:12:26,846:modules.saveRanks:Finished making ranking of the product in 18.17 second(s)
2025-11-17 11:12:53,027:modules.saveRanks:
    ------ Starting evaluating competitors ranking of the product ---------
    
2025-11-17 11:12:55,512:modules.saveRanks:Finding ranking for product_id (828056) of vendor_id (17366).
2025-11-17 11:13:11,027:modules.saveRanks:Not found in ERP.
2025-11-17 11:13:11,268:modules.saveRanks:Finished making ranking of the product in 18.24 second(s)
